0 info it worked if it ends with ok
1 verbose cli [ 'nodejs',
1 verbose cli   '/usr/bin/npm',
1 verbose cli   'install',
1 verbose cli   '-g',
1 verbose cli   'coffeescript-concat' ]
2 info using npm@1.1.69
3 info using node@v0.8.16
4 verbose read json /usr/lib/package.json
5 verbose read json /usr/lib/package.json
6 verbose cache add [ 'coffeescript-concat', null ]
7 silly cache add name=undefined spec="coffeescript-concat" args=["coffeescript-concat",null]
8 verbose parsed url { pathname: 'coffeescript-concat',
8 verbose parsed url   path: 'coffeescript-concat',
8 verbose parsed url   href: 'coffeescript-concat' }
9 silly lockFile 0469e9da-coffeescript-concat coffeescript-concat
10 verbose lock coffeescript-concat /home/thinkpad1admin/.npm/0469e9da-coffeescript-concat.lock
11 silly lockFile 0469e9da-coffeescript-concat coffeescript-concat
12 verbose addNamed [ 'coffeescript-concat', '' ]
13 verbose addNamed [ null, '' ]
14 silly lockFile bae088a0-coffeescript-concat coffeescript-concat@
15 verbose lock coffeescript-concat@ /home/thinkpad1admin/.npm/bae088a0-coffeescript-concat.lock
16 silly addNameRange { name: 'coffeescript-concat', range: '', hasData: false }
17 verbose url raw coffeescript-concat
18 verbose url resolving [ 'https://registry.npmjs.org/', './coffeescript-concat' ]
19 verbose url resolved https://registry.npmjs.org/coffeescript-concat
20 info trying registry request attempt 1 at 01:43:55
21 http GET https://registry.npmjs.org/coffeescript-concat
22 http 200 https://registry.npmjs.org/coffeescript-concat
23 silly registry.get cb [ 200,
23 silly registry.get   { vary: 'Accept',
23 silly registry.get     server: 'CouchDB/1.3.0 (Erlang OTP/R15B03)',
23 silly registry.get     etag: '"41M9E253ONQ66YY304H4IXLDZ"',
23 silly registry.get     date: 'Sat, 13 Apr 2013 08:43:59 GMT',
23 silly registry.get     'content-type': 'application/json',
23 silly registry.get     'content-length': '14932' } ]
24 silly addNameRange number 2 { name: 'coffeescript-concat', range: '', hasData: true }
25 silly addNameRange versions [ 'coffeescript-concat',
25 silly addNameRange   [ '1.0.0', '1.0.1', '1.0.2', '1.0.3' ] ]
26 verbose addNamed [ 'coffeescript-concat', '1.0.3' ]
27 verbose addNamed [ '1.0.3', '1.0.3' ]
28 silly lockFile f663a1e6-coffeescript-concat-1-0-3 coffeescript-concat@1.0.3
29 verbose lock coffeescript-concat@1.0.3 /home/thinkpad1admin/.npm/f663a1e6-coffeescript-concat-1-0-3.lock
30 silly lockFile 42a90557-at-coffeescript-concat-1-0-3-tgz https://registry.npmjs.org/coffeescript-concat/-/coffeescript-concat-1.0.3.tgz
31 verbose lock https://registry.npmjs.org/coffeescript-concat/-/coffeescript-concat-1.0.3.tgz /home/thinkpad1admin/.npm/42a90557-at-coffeescript-concat-1-0-3-tgz.lock
32 verbose addRemoteTarball [ 'https://registry.npmjs.org/coffeescript-concat/-/coffeescript-concat-1.0.3.tgz',
32 verbose addRemoteTarball   '47c41a16fb7d5f2ae7b2f807bc98b7f6a7aafde3' ]
33 info retry fetch attempt 1 at 01:43:59
34 verbose fetch to= /home/thinkpad1admin/tmp/npm-17814/1365842639849-0.1749579270835966/tmp.tgz
35 http GET https://registry.npmjs.org/coffeescript-concat/-/coffeescript-concat-1.0.3.tgz
36 http 200 https://registry.npmjs.org/coffeescript-concat/-/coffeescript-concat-1.0.3.tgz
37 silly shasum updated bytes 5436
38 info shasum 47c41a16fb7d5f2ae7b2f807bc98b7f6a7aafde3
38 info shasum /home/thinkpad1admin/tmp/npm-17814/1365842639849-0.1749579270835966/tmp.tgz
39 verbose tar unpack /home/thinkpad1admin/tmp/npm-17814/1365842639849-0.1749579270835966/tmp.tgz
40 silly lockFile 532e3f21-39849-0-1749579270835966-package /home/thinkpad1admin/tmp/npm-17814/1365842639849-0.1749579270835966/package
41 verbose lock /home/thinkpad1admin/tmp/npm-17814/1365842639849-0.1749579270835966/package /home/thinkpad1admin/.npm/532e3f21-39849-0-1749579270835966-package.lock
42 silly gunzTarPerm modes [ '755', '644' ]
43 silly gunzTarPerm extractEntry package.json
44 silly gunzTarPerm extractEntry coffeescript-concat.js
45 silly gunzTarPerm extractEntry README.markdown
46 silly gunzTarPerm extractEntry a.coffee
47 silly gunzTarPerm extractEntry build.sh
48 silly gunzTarPerm extractEntry coffeescript-concat
49 silly gunzTarPerm extractEntry coffeescript-concat.coffee
50 verbose read json /home/thinkpad1admin/tmp/npm-17814/1365842639849-0.1749579270835966/package/package.json
51 silly lockFile 532e3f21-39849-0-1749579270835966-package /home/thinkpad1admin/tmp/npm-17814/1365842639849-0.1749579270835966/package
52 verbose from cache /home/thinkpad1admin/tmp/npm-17814/1365842639849-0.1749579270835966/package/package.json
53 verbose tar pack [ '/home/thinkpad1admin/.npm/coffeescript-concat/1.0.3/package.tgz',
53 verbose tar pack   '/home/thinkpad1admin/tmp/npm-17814/1365842639849-0.1749579270835966/package' ]
54 verbose tarball /home/thinkpad1admin/.npm/coffeescript-concat/1.0.3/package.tgz
55 verbose folder /home/thinkpad1admin/tmp/npm-17814/1365842639849-0.1749579270835966/package
56 silly lockFile ffa3ce4f-escript-concat-1-0-3-package-tgz /home/thinkpad1admin/.npm/coffeescript-concat/1.0.3/package.tgz
57 verbose lock /home/thinkpad1admin/.npm/coffeescript-concat/1.0.3/package.tgz /home/thinkpad1admin/.npm/ffa3ce4f-escript-concat-1-0-3-package-tgz.lock
58 silly lockFile ffa3ce4f-escript-concat-1-0-3-package-tgz /home/thinkpad1admin/.npm/coffeescript-concat/1.0.3/package.tgz
59 silly lockFile 3393c307-offeescript-concat-1-0-3-package /home/thinkpad1admin/.npm/coffeescript-concat/1.0.3/package
60 verbose lock /home/thinkpad1admin/.npm/coffeescript-concat/1.0.3/package /home/thinkpad1admin/.npm/3393c307-offeescript-concat-1-0-3-package.lock
61 silly lockFile 3393c307-offeescript-concat-1-0-3-package /home/thinkpad1admin/.npm/coffeescript-concat/1.0.3/package
62 verbose tar unpack /home/thinkpad1admin/.npm/coffeescript-concat/1.0.3/package.tgz
63 silly lockFile 3393c307-offeescript-concat-1-0-3-package /home/thinkpad1admin/.npm/coffeescript-concat/1.0.3/package
64 verbose lock /home/thinkpad1admin/.npm/coffeescript-concat/1.0.3/package /home/thinkpad1admin/.npm/3393c307-offeescript-concat-1-0-3-package.lock
65 silly gunzTarPerm modes [ '755', '644' ]
66 silly gunzTarPerm extractEntry package.json
67 silly gunzTarPerm extractEntry coffeescript-concat.js
68 silly gunzTarPerm extractEntry build.sh
69 silly gunzTarPerm extractEntry coffeescript-concat
70 silly gunzTarPerm extractEntry coffeescript-concat.coffee
71 silly gunzTarPerm extractEntry README.markdown
72 silly gunzTarPerm extractEntry a.coffee
73 verbose read json /home/thinkpad1admin/.npm/coffeescript-concat/1.0.3/package/package.json
74 silly lockFile 3393c307-offeescript-concat-1-0-3-package /home/thinkpad1admin/.npm/coffeescript-concat/1.0.3/package
75 silly shasum updated bytes 5409
76 info shasum 09d76f6d93923db37cbef803f9adc15b1af62cc6
76 info shasum /home/thinkpad1admin/.npm/coffeescript-concat/1.0.3/package.tgz
77 verbose from cache /home/thinkpad1admin/.npm/coffeescript-concat/1.0.3/package/package.json
78 verbose chmod /home/thinkpad1admin/.npm/coffeescript-concat/1.0.3/package.tgz 644
79 verbose chown /home/thinkpad1admin/.npm/coffeescript-concat/1.0.3/package.tgz [ 1000, 1000 ]
80 silly lockFile 42a90557-at-coffeescript-concat-1-0-3-tgz https://registry.npmjs.org/coffeescript-concat/-/coffeescript-concat-1.0.3.tgz
81 silly lockFile f663a1e6-coffeescript-concat-1-0-3 coffeescript-concat@1.0.3
82 silly lockFile bae088a0-coffeescript-concat coffeescript-concat@
83 silly resolved [ { name: 'coffeescript-concat',
83 silly resolved     version: '1.0.3',
83 silly resolved     description: 'A utility for combining coffeescript files and resolving their dependencies.',
83 silly resolved     main: 'coffeescript-concat.js',
83 silly resolved     scripts:
83 silly resolved      { test: 'echo "Error: no test specified" && exit 1',
83 silly resolved        prepublish: './build.sh' },
83 silly resolved     repository:
83 silly resolved      { type: 'git',
83 silly resolved        url: 'git://github.com/fairfieldt/coffeescript-concat' },
83 silly resolved     dependencies: { underscore: '*', optimist: '>=0.3.5' },
83 silly resolved     bin: { 'coffeescript-concat': './coffeescript-concat' },
83 silly resolved     author: { name: 'Tom Fairfield' },
83 silly resolved     license: 'zlib',
83 silly resolved     readme: '**coffeescript-concat** is a utility that preprocesses and concatenates CoffeeScript source files.\n\nIt makes it easy to keep your CoffeeScript code in separate units and still run them easily.  You can keep your source logically separated without the frustration of putting it all together to run or embed in a web page.  Additionally, coffeescript-concat will give you a single sourcefile that will easily compile to a single Javascript file.\n\n**coffeescript-concat performs 3 operations:**\n\n* Automatically puts parent classes in an inheritance chain in the correct order\n\n* Allows you to specify that a class from another file needs to be included before another file.\n    When a `#= require Classname` directive is encountered, coffeescript-concat will find the file containing that class, preprocess it, and put it above the including class.\n    \n* Allows you to specifiy that a file needs to be included before another file.\n    When a `#= require <FileName>` or `#=require <FileName.coffee>` directive is encountered, coffeescript-concat will find the file, preprocess it, and put it above the including class. \n    \nHow does coffeescript-concat find the classes and files?  By specifying include directories, you can tell coffeescript where to look.  If it can\'t find the needed file in any of the include directories, it will let you know.\n\n**Using coffeescript-concat:**\nUsing [npm](http://npmjs.org):  \n    $ npm install -g coffeescript-concat  \n    $ coffeescript-concat -I /my/include/directory -I includeDir2 A.coffee B.coffee -o output.coffee\n\nUsing CoffeeScript directly:  \n    $ coffee coffeescript-concat.coffee -I /my/include/directory -I includeDir2 A.coffee B.coffee -o output.coffee\n    \nThis will preprocess and concatenate This.coffee, That.coffee, and TheOther.coffee along with any classes they require and output the resulting code into output.coffee.  If you don\'t specify an output file (-o), coffeescript-concat prints the output to stdout so that you can easily write it to a file or pipe it to another utility for further processing.  \n',
83 silly resolved     readmeFilename: 'README.markdown',
83 silly resolved     _id: 'coffeescript-concat@1.0.3',
83 silly resolved     dist: { shasum: '09d76f6d93923db37cbef803f9adc15b1af62cc6' },
83 silly resolved     _from: 'coffeescript-concat' } ]
84 info install coffeescript-concat@1.0.3 into /usr/lib
85 info installOne coffeescript-concat@1.0.3
86 verbose from cache /home/thinkpad1admin/.npm/coffeescript-concat/1.0.3/package/package.json
87 info /usr/lib/node_modules/coffeescript-concat unbuild
88 verbose read json /usr/lib/node_modules/coffeescript-concat/package.json
89 verbose tar unpack /home/thinkpad1admin/.npm/coffeescript-concat/1.0.3/package.tgz
90 silly lockFile 8a7c780e-node-modules-coffeescript-concat /usr/lib/node_modules/coffeescript-concat
91 verbose lock /usr/lib/node_modules/coffeescript-concat /home/thinkpad1admin/.npm/8a7c780e-node-modules-coffeescript-concat.lock
92 silly gunzTarPerm modes [ '755', '644' ]
93 error Error: EACCES, mkdir '/usr/lib/node_modules/coffeescript-concat'
93 error  { [Error: EACCES, mkdir '/usr/lib/node_modules/coffeescript-concat']
93 error   errno: 3,
93 error   code: 'EACCES',
93 error   path: '/usr/lib/node_modules/coffeescript-concat',
93 error   fstream_type: 'Directory',
93 error   fstream_path: '/usr/lib/node_modules/coffeescript-concat',
93 error   fstream_class: 'DirWriter',
93 error   fstream_stack:
93 error    [ 'DirWriter._create (/usr/lib/nodejs/npm/node_modules/fstream/lib/dir-writer.js:36:23)',
93 error      '/usr/lib/nodejs/npm/node_modules/mkdirp/index.js:37:53',
93 error      'Object.oncomplete (fs.js:297:15)' ] }
94 error Please try running this command again as root/Administrator.
95 error System Linux 3.5.0-26-generic
96 error command "nodejs" "/usr/bin/npm" "install" "-g" "coffeescript-concat"
97 error cwd /home/thinkpad1admin/code/autismhackathon
98 error node -v v0.8.16
99 error npm -v 1.1.69
100 error path /usr/lib/node_modules/coffeescript-concat
101 error fstream_path /usr/lib/node_modules/coffeescript-concat
102 error fstream_type Directory
103 error fstream_class DirWriter
104 error code EACCES
105 error errno 3
106 error stack Error: EACCES, mkdir '/usr/lib/node_modules/coffeescript-concat'
107 error fstream_stack DirWriter._create (/usr/lib/nodejs/npm/node_modules/fstream/lib/dir-writer.js:36:23)
107 error fstream_stack /usr/lib/nodejs/npm/node_modules/mkdirp/index.js:37:53
107 error fstream_stack Object.oncomplete (fs.js:297:15)
108 verbose exit [ 3, true ]
